Copyright 1986-2022 Xilinx, Inc. All Rights Reserved. Copyright 2022-2023 Advanced Micro Devices, Inc. All Rights Reserved.
------------------------------------------------------------------------------------------------------------------------------------------------------------------------------------------------------------------------
| Tool Version : Vivado v.2023.2 (lin64) Build 4029153 Fri Oct 13 20:13:54 MDT 2023
| Date         : Fri Apr 10 14:35:33 2026
| Host         : 1N13490K44 running 64-bit Ubuntu 22.04.5 LTS
| Command      : report_timing_summary -max_paths 10 -report_unconstrained -file sram_ctrl_timing_summary_routed.rpt -pb sram_ctrl_timing_summary_routed.pb -rpx sram_ctrl_timing_summary_routed.rpx -warn_on_violation
| Design       : sram_ctrl
| Device       : 7z045-ffg900
| Speed File   : -2  PRODUCTION 1.12 2019-11-22
| Design State : Routed
------------------------------------------------------------------------------------------------------------------------------------------------------------------------------------------------------------------------

Timing Summary Report

------------------------------------------------------------------------------------------------
| Timer Settings
| --------------
------------------------------------------------------------------------------------------------

  Enable Multi Corner Analysis               :  Yes
  Enable Pessimism Removal                   :  Yes
  Pessimism Removal Resolution               :  Nearest Common Node
  Enable Input Delay Default Clock           :  No
  Enable Preset / Clear Arcs                 :  No
  Disable Flight Delays                      :  No
  Ignore I/O Paths                           :  No
  Timing Early Launch at Borrowing Latches   :  No
  Borrow Time for Max Delay Exceptions       :  Yes
  Merge Timing Exceptions                    :  Yes
  Inter-SLR Compensation                     :  Conservative

  Corner  Analyze    Analyze    
  Name    Max Paths  Min Paths  
  ------  ---------  ---------  
  Slow    Yes        Yes        
  Fast    Yes        Yes        


------------------------------------------------------------------------------------------------
| Report Methodology
| ------------------
------------------------------------------------------------------------------------------------

Rule       Severity          Description                  Violations  
---------  ----------------  ---------------------------  ----------  
TIMING-17  Critical Warning  Non-clocked sequential cell  46          

Note: This report is based on the most recent report_methodology run and may not be up-to-date. Run report_methodology on the current design for the latest report.



check_timing report

Table of Contents
-----------------
1. checking no_clock (46)
2. checking constant_clock (0)
3. checking pulse_width_clock (0)
4. checking unconstrained_internal_endpoints (154)
5. checking no_input_delay (85)
6. checking no_output_delay (68)
7. checking multiple_clock (0)
8. checking generated_clocks (0)
9. checking loops (0)
10. checking partial_input_delay (0)
11. checking partial_output_delay (0)
12. checking latch_loops (0)

1. checking no_clock (46)
-------------------------
 There are 46 register/latch pins with no clock driven by root clock pin: clk_top (HIGH)


2. checking constant_clock (0)
------------------------------
 There are 0 register/latch pins with constant_clock.


3. checking pulse_width_clock (0)
---------------------------------
 There are 0 register/latch pins which need pulse_width check


4. checking unconstrained_internal_endpoints (154)
--------------------------------------------------
 There are 154 pins that are not constrained for maximum delay. (HIGH)

 There are 0 pins that are not constrained for maximum delay due to constant clock.


5. checking no_input_delay (85)
-------------------------------
 There are 85 input ports with no input delay specified. (HIGH)

 There are 0 input ports with no input delay but user has a false path constraint.


6. checking no_output_delay (68)
--------------------------------
 There are 68 ports with no output delay specified. (HIGH)

 There are 0 ports with no output delay but user has a false path constraint

 There are 0 ports with no output delay but with a timing clock defined on it or propagating through it


7. checking multiple_clock (0)
------------------------------
 There are 0 register/latch pins with multiple clocks.


8. checking generated_clocks (0)
--------------------------------
 There are 0 generated clocks that are not connected to a clock source.


9. checking loops (0)
---------------------
 There are 0 combinational loops in the design.


10. checking partial_input_delay (0)
------------------------------------
 There are 0 input ports with partial input delay specified.


11. checking partial_output_delay (0)
-------------------------------------
 There are 0 ports with partial output delay specified.


12. checking latch_loops (0)
----------------------------
 There are 0 combinational latch loops in the design through latch input



------------------------------------------------------------------------------------------------
| Design Timing Summary
| ---------------------
------------------------------------------------------------------------------------------------

    WNS(ns)      TNS(ns)  TNS Failing Endpoints  TNS Total Endpoints      WHS(ns)      THS(ns)  THS Failing Endpoints  THS Total Endpoints     WPWS(ns)     TPWS(ns)  TPWS Failing Endpoints  TPWS Total Endpoints  
    -------      -------  ---------------------  -------------------      -------      -------  ---------------------  -------------------     --------     --------  ----------------------  --------------------  
        inf        0.000                      0                  223          inf        0.000                      0                  223           NA           NA                      NA                    NA  


There are no user specified timing constraints.


------------------------------------------------------------------------------------------------
| Clock Summary
| -------------
------------------------------------------------------------------------------------------------


------------------------------------------------------------------------------------------------
| Intra Clock Table
| -----------------
------------------------------------------------------------------------------------------------

Clock             WNS(ns)      TNS(ns)  TNS Failing Endpoints  TNS Total Endpoints      WHS(ns)      THS(ns)  THS Failing Endpoints  THS Total Endpoints     WPWS(ns)     TPWS(ns)  TPWS Failing Endpoints  TPWS Total Endpoints  
-----             -------      -------  ---------------------  -------------------      -------      -------  ---------------------  -------------------     --------     --------  ----------------------  --------------------  


------------------------------------------------------------------------------------------------
| Inter Clock Table
| -----------------
------------------------------------------------------------------------------------------------

From Clock    To Clock          WNS(ns)      TNS(ns)  TNS Failing Endpoints  TNS Total Endpoints      WHS(ns)      THS(ns)  THS Failing Endpoints  THS Total Endpoints  
----------    --------          -------      -------  ---------------------  -------------------      -------      -------  ---------------------  -------------------  


------------------------------------------------------------------------------------------------
| Other Path Groups Table
| -----------------------
------------------------------------------------------------------------------------------------

Path Group    From Clock    To Clock          WNS(ns)      TNS(ns)  TNS Failing Endpoints  TNS Total Endpoints      WHS(ns)      THS(ns)  THS Failing Endpoints  THS Total Endpoints  
----------    ----------    --------          -------      -------  ---------------------  -------------------      -------      -------  ---------------------  -------------------  


------------------------------------------------------------------------------------------------
| User Ignored Path Table
| -----------------------
------------------------------------------------------------------------------------------------

Path Group    From Clock    To Clock    
----------    ----------    --------    


------------------------------------------------------------------------------------------------
| Unconstrained Path Table
| ------------------------
------------------------------------------------------------------------------------------------

Path Group    From Clock    To Clock    
----------    ----------    --------    
(none)                                    


------------------------------------------------------------------------------------------------
| Timing Details
| --------------
------------------------------------------------------------------------------------------------


--------------------------------------------------------------------------------------
Path Group:  (none)
From Clock:  
  To Clock:  

Max Delay           223 Endpoints
Min Delay           223 Endpoints
--------------------------------------------------------------------------------------


Max Delay Paths
--------------------------------------------------------------------------------------
Slack:                    inf
  Source:                 sram_mem1/mem_reg/CLKARDCLK
                            (rising edge-triggered cell RAMB36E1)
  Destination:            m1_rdata[31]
                            (output port)
  Path Group:             (none)
  Path Type:              Max at Slow Process Corner
  Data Path Delay:        11.707ns  (logic 4.763ns (40.681%)  route 6.945ns (59.319%))
  Logic Levels:           8  (LUT4=1 LUT5=1 LUT6=3 MUXF7=1 OBUF=1 RAMB36E1=1)

    Location             Delay type                Incr(ns)  Path(ns)    Netlist Resource(s)
  -------------------------------------------------------------------    -------------------
    RAMB36_X0Y31         RAMB36E1                     0.000     0.000 r  sram_mem1/mem_reg/CLKARDCLK
    RAMB36_X0Y31         RAMB36E1 (Prop_ramb36e1_CLKARDCLK_DOBDO[0])
                                                      1.800     1.800 r  sram_mem1/mem_reg/DOBDO[0]
                         net (fo=6, routed)           0.907     2.707    sram_mem1/data_mem_to_dec[32]
    SLICE_X7Y158         LUT6 (Prop_lut6_I3_O)        0.043     2.750 r  sram_mem1/m0_rdata_OBUF[31]_inst_i_20/O
                         net (fo=2, routed)           0.541     3.291    sram_mem1/m0_rdata_OBUF[31]_inst_i_20_n_0
    SLICE_X5Y158         LUT5 (Prop_lut5_I0_O)        0.054     3.345 r  sram_mem1/m0_rdata_OBUF[31]_inst_i_9/O
                         net (fo=21, routed)          0.705     4.049    sram_mem1/m0_rdata_OBUF[31]_inst_i_9_n_0
    SLICE_X6Y157         LUT4 (Prop_lut4_I0_O)        0.137     4.186 r  sram_mem1/m0_rdata_OBUF[31]_inst_i_39/O
                         net (fo=2, routed)           0.396     4.583    sram_mem1/m0_rdata_OBUF[31]_inst_i_39_n_0
    SLICE_X7Y159         MUXF7 (Prop_muxf7_S_O)       0.147     4.730 r  sram_mem1/m0_rdata_OBUF[31]_inst_i_18/O
                         net (fo=1, routed)           0.527     5.257    sram_mem1/m0_rdata_OBUF[31]_inst_i_18_n_0
    SLICE_X6Y157         LUT6 (Prop_lut6_I4_O)        0.124     5.381 r  sram_mem1/m0_rdata_OBUF[31]_inst_i_5/O
                         net (fo=64, routed)          0.786     6.167    sram_mem1/m0_rdata_OBUF[31]_inst_i_5_n_0
    SLICE_X1Y159         LUT6 (Prop_lut6_I5_O)        0.043     6.210 r  sram_mem1/m1_rdata_OBUF[31]_inst_i_1/O
                         net (fo=1, routed)           3.083     9.293    m1_rdata_OBUF[31]
    W28                  OBUF (Prop_obuf_I_O)         2.415    11.707 r  m1_rdata_OBUF[31]_inst/O
                         net (fo=0)                   0.000    11.707    m1_rdata[31]
    W28                                                               r  m1_rdata[31] (OUT)
  -------------------------------------------------------------------    -------------------

Slack:                    inf
  Source:                 sram_mem1/mem_reg/CLKARDCLK
                            (rising edge-triggered cell RAMB36E1)
  Destination:            m1_rdata[22]
                            (output port)
  Path Group:             (none)
  Path Type:              Max at Slow Process Corner
  Data Path Delay:        11.326ns  (logic 4.735ns (41.806%)  route 6.591ns (58.194%))
  Logic Levels:           8  (LUT4=1 LUT5=1 LUT6=3 MUXF7=1 OBUF=1 RAMB36E1=1)

    Location             Delay type                Incr(ns)  Path(ns)    Netlist Resource(s)
  -------------------------------------------------------------------    -------------------
    RAMB36_X0Y31         RAMB36E1                     0.000     0.000 r  sram_mem1/mem_reg/CLKARDCLK
    RAMB36_X0Y31         RAMB36E1 (Prop_ramb36e1_CLKARDCLK_DOBDO[0])
                                                      1.800     1.800 r  sram_mem1/mem_reg/DOBDO[0]
                         net (fo=6, routed)           0.907     2.707    sram_mem1/data_mem_to_dec[32]
    SLICE_X7Y158         LUT6 (Prop_lut6_I3_O)        0.043     2.750 r  sram_mem1/m0_rdata_OBUF[31]_inst_i_20/O
                         net (fo=2, routed)           0.541     3.291    sram_mem1/m0_rdata_OBUF[31]_inst_i_20_n_0
    SLICE_X5Y158         LUT5 (Prop_lut5_I0_O)        0.054     3.345 r  sram_mem1/m0_rdata_OBUF[31]_inst_i_9/O
                         net (fo=21, routed)          0.705     4.049    sram_mem1/m0_rdata_OBUF[31]_inst_i_9_n_0
    SLICE_X6Y157         LUT4 (Prop_lut4_I0_O)        0.137     4.186 r  sram_mem1/m0_rdata_OBUF[31]_inst_i_39/O
                         net (fo=2, routed)           0.396     4.583    sram_mem1/m0_rdata_OBUF[31]_inst_i_39_n_0
    SLICE_X7Y159         MUXF7 (Prop_muxf7_S_O)       0.147     4.730 r  sram_mem1/m0_rdata_OBUF[31]_inst_i_18/O
                         net (fo=1, routed)           0.527     5.257    sram_mem1/m0_rdata_OBUF[31]_inst_i_18_n_0
    SLICE_X6Y157         LUT6 (Prop_lut6_I4_O)        0.124     5.381 r  sram_mem1/m0_rdata_OBUF[31]_inst_i_5/O
                         net (fo=64, routed)          0.964     6.345    sram_mem1/m0_rdata_OBUF[31]_inst_i_5_n_0
    SLICE_X2Y159         LUT6 (Prop_lut6_I5_O)        0.043     6.388 r  sram_mem1/m1_rdata_OBUF[22]_inst_i_1/O
                         net (fo=1, routed)           2.551     8.939    m1_rdata_OBUF[22]
    R27                  OBUF (Prop_obuf_I_O)         2.387    11.326 r  m1_rdata_OBUF[22]_inst/O
                         net (fo=0)                   0.000    11.326    m1_rdata[22]
    R27                                                               r  m1_rdata[22] (OUT)
  -------------------------------------------------------------------    -------------------

Slack:                    inf
  Source:                 sram_mem1/mem_reg/CLKARDCLK
                            (rising edge-triggered cell RAMB36E1)
  Destination:            m1_rdata[29]
                            (output port)
  Path Group:             (none)
  Path Type:              Max at Slow Process Corner
  Data Path Delay:        11.323ns  (logic 4.771ns (42.137%)  route 6.552ns (57.863%))
  Logic Levels:           8  (LUT4=1 LUT5=1 LUT6=3 MUXF7=1 OBUF=1 RAMB36E1=1)

    Location             Delay type                Incr(ns)  Path(ns)    Netlist Resource(s)
  -------------------------------------------------------------------    -------------------
    RAMB36_X0Y31         RAMB36E1                     0.000     0.000 r  sram_mem1/mem_reg/CLKARDCLK
    RAMB36_X0Y31         RAMB36E1 (Prop_ramb36e1_CLKARDCLK_DOBDO[0])
                                                      1.800     1.800 r  sram_mem1/mem_reg/DOBDO[0]
                         net (fo=6, routed)           0.907     2.707    sram_mem1/data_mem_to_dec[32]
    SLICE_X7Y158         LUT6 (Prop_lut6_I3_O)        0.043     2.750 r  sram_mem1/m0_rdata_OBUF[31]_inst_i_20/O
                         net (fo=2, routed)           0.541     3.291    sram_mem1/m0_rdata_OBUF[31]_inst_i_20_n_0
    SLICE_X5Y158         LUT5 (Prop_lut5_I0_O)        0.054     3.345 r  sram_mem1/m0_rdata_OBUF[31]_inst_i_9/O
                         net (fo=21, routed)          0.705     4.049    sram_mem1/m0_rdata_OBUF[31]_inst_i_9_n_0
    SLICE_X6Y157         LUT4 (Prop_lut4_I0_O)        0.137     4.186 r  sram_mem1/m0_rdata_OBUF[31]_inst_i_39/O
                         net (fo=2, routed)           0.396     4.583    sram_mem1/m0_rdata_OBUF[31]_inst_i_39_n_0
    SLICE_X7Y159         MUXF7 (Prop_muxf7_S_O)       0.147     4.730 r  sram_mem1/m0_rdata_OBUF[31]_inst_i_18/O
                         net (fo=1, routed)           0.527     5.257    sram_mem1/m0_rdata_OBUF[31]_inst_i_18_n_0
    SLICE_X6Y157         LUT6 (Prop_lut6_I4_O)        0.124     5.381 r  sram_mem1/m0_rdata_OBUF[31]_inst_i_5/O
                         net (fo=64, routed)          0.659     6.040    sram_mem1/m0_rdata_OBUF[31]_inst_i_5_n_0
    SLICE_X1Y160         LUT6 (Prop_lut6_I5_O)        0.043     6.083 r  sram_mem1/m1_rdata_OBUF[29]_inst_i_1/O
                         net (fo=1, routed)           2.817     8.900    m1_rdata_OBUF[29]
    W26                  OBUF (Prop_obuf_I_O)         2.423    11.323 r  m1_rdata_OBUF[29]_inst/O
                         net (fo=0)                   0.000    11.323    m1_rdata[29]
    W26                                                               r  m1_rdata[29] (OUT)
  -------------------------------------------------------------------    -------------------

Slack:                    inf
  Source:                 sram_mem1/mem_reg/CLKARDCLK
                            (rising edge-triggered cell RAMB36E1)
  Destination:            m1_rdata[30]
                            (output port)
  Path Group:             (none)
  Path Type:              Max at Slow Process Corner
  Data Path Delay:        11.307ns  (logic 4.774ns (42.223%)  route 6.533ns (57.777%))
  Logic Levels:           8  (LUT4=1 LUT5=1 LUT6=3 MUXF7=1 OBUF=1 RAMB36E1=1)

    Location             Delay type                Incr(ns)  Path(ns)    Netlist Resource(s)
  -------------------------------------------------------------------    -------------------
    RAMB36_X0Y31         RAMB36E1                     0.000     0.000 r  sram_mem1/mem_reg/CLKARDCLK
    RAMB36_X0Y31         RAMB36E1 (Prop_ramb36e1_CLKARDCLK_DOBDO[0])
                                                      1.800     1.800 r  sram_mem1/mem_reg/DOBDO[0]
                         net (fo=6, routed)           0.907     2.707    sram_mem1/data_mem_to_dec[32]
    SLICE_X7Y158         LUT6 (Prop_lut6_I3_O)        0.043     2.750 r  sram_mem1/m0_rdata_OBUF[31]_inst_i_20/O
                         net (fo=2, routed)           0.541     3.291    sram_mem1/m0_rdata_OBUF[31]_inst_i_20_n_0
    SLICE_X5Y158         LUT5 (Prop_lut5_I0_O)        0.054     3.345 r  sram_mem1/m0_rdata_OBUF[31]_inst_i_9/O
                         net (fo=21, routed)          0.705     4.049    sram_mem1/m0_rdata_OBUF[31]_inst_i_9_n_0
    SLICE_X6Y157         LUT4 (Prop_lut4_I0_O)        0.137     4.186 r  sram_mem1/m0_rdata_OBUF[31]_inst_i_39/O
                         net (fo=2, routed)           0.396     4.583    sram_mem1/m0_rdata_OBUF[31]_inst_i_39_n_0
    SLICE_X7Y159         MUXF7 (Prop_muxf7_S_O)       0.147     4.730 r  sram_mem1/m0_rdata_OBUF[31]_inst_i_18/O
                         net (fo=1, routed)           0.527     5.257    sram_mem1/m0_rdata_OBUF[31]_inst_i_18_n_0
    SLICE_X6Y157         LUT6 (Prop_lut6_I4_O)        0.124     5.381 r  sram_mem1/m0_rdata_OBUF[31]_inst_i_5/O
                         net (fo=64, routed)          0.639     6.020    sram_mem1/m0_rdata_OBUF[31]_inst_i_5_n_0
    SLICE_X0Y161         LUT6 (Prop_lut6_I5_O)        0.043     6.063 r  sram_mem1/m1_rdata_OBUF[30]_inst_i_1/O
                         net (fo=1, routed)           2.818     8.881    m1_rdata_OBUF[30]
    W25                  OBUF (Prop_obuf_I_O)         2.426    11.307 r  m1_rdata_OBUF[30]_inst/O
                         net (fo=0)                   0.000    11.307    m1_rdata[30]
    W25                                                               r  m1_rdata[30] (OUT)
  -------------------------------------------------------------------    -------------------

Slack:                    inf
  Source:                 sram_mem1/mem_reg/CLKARDCLK
                            (rising edge-triggered cell RAMB36E1)
  Destination:            m1_rdata[24]
                            (output port)
  Path Group:             (none)
  Path Type:              Max at Slow Process Corner
  Data Path Delay:        11.288ns  (logic 4.744ns (42.025%)  route 6.544ns (57.975%))
  Logic Levels:           8  (LUT4=1 LUT5=1 LUT6=3 MUXF7=1 OBUF=1 RAMB36E1=1)

    Location             Delay type                Incr(ns)  Path(ns)    Netlist Resource(s)
  -------------------------------------------------------------------    -------------------
    RAMB36_X0Y31         RAMB36E1                     0.000     0.000 r  sram_mem1/mem_reg/CLKARDCLK
    RAMB36_X0Y31         RAMB36E1 (Prop_ramb36e1_CLKARDCLK_DOBDO[0])
                                                      1.800     1.800 r  sram_mem1/mem_reg/DOBDO[0]
                         net (fo=6, routed)           0.907     2.707    sram_mem1/data_mem_to_dec[32]
    SLICE_X7Y158         LUT6 (Prop_lut6_I3_O)        0.043     2.750 r  sram_mem1/m0_rdata_OBUF[31]_inst_i_20/O
                         net (fo=2, routed)           0.541     3.291    sram_mem1/m0_rdata_OBUF[31]_inst_i_20_n_0
    SLICE_X5Y158         LUT5 (Prop_lut5_I0_O)        0.054     3.345 r  sram_mem1/m0_rdata_OBUF[31]_inst_i_9/O
                         net (fo=21, routed)          0.705     4.049    sram_mem1/m0_rdata_OBUF[31]_inst_i_9_n_0
    SLICE_X6Y157         LUT4 (Prop_lut4_I0_O)        0.137     4.186 r  sram_mem1/m0_rdata_OBUF[31]_inst_i_39/O
                         net (fo=2, routed)           0.396     4.583    sram_mem1/m0_rdata_OBUF[31]_inst_i_39_n_0
    SLICE_X7Y159         MUXF7 (Prop_muxf7_S_O)       0.147     4.730 r  sram_mem1/m0_rdata_OBUF[31]_inst_i_18/O
                         net (fo=1, routed)           0.527     5.257    sram_mem1/m0_rdata_OBUF[31]_inst_i_18_n_0
    SLICE_X6Y157         LUT6 (Prop_lut6_I4_O)        0.124     5.381 r  sram_mem1/m0_rdata_OBUF[31]_inst_i_5/O
                         net (fo=64, routed)          0.778     6.159    sram_mem1/m0_rdata_OBUF[31]_inst_i_5_n_0
    SLICE_X2Y161         LUT6 (Prop_lut6_I5_O)        0.043     6.202 r  sram_mem1/m1_rdata_OBUF[24]_inst_i_1/O
                         net (fo=1, routed)           2.691     8.892    m1_rdata_OBUF[24]
    R25                  OBUF (Prop_obuf_I_O)         2.396    11.288 r  m1_rdata_OBUF[24]_inst/O
                         net (fo=0)                   0.000    11.288    m1_rdata[24]
    R25                                                               r  m1_rdata[24] (OUT)
  -------------------------------------------------------------------    -------------------

Slack:                    inf
  Source:                 sram_mem1/mem_reg/CLKARDCLK
                            (rising edge-triggered cell RAMB36E1)
  Destination:            m1_rdata[20]
                            (output port)
  Path Group:             (none)
  Path Type:              Max at Slow Process Corner
  Data Path Delay:        11.130ns  (logic 4.732ns (42.511%)  route 6.399ns (57.489%))
  Logic Levels:           8  (LUT4=1 LUT5=1 LUT6=3 MUXF7=1 OBUF=1 RAMB36E1=1)

    Location             Delay type                Incr(ns)  Path(ns)    Netlist Resource(s)
  -------------------------------------------------------------------    -------------------
    RAMB36_X0Y31         RAMB36E1                     0.000     0.000 r  sram_mem1/mem_reg/CLKARDCLK
    RAMB36_X0Y31         RAMB36E1 (Prop_ramb36e1_CLKARDCLK_DOBDO[0])
                                                      1.800     1.800 r  sram_mem1/mem_reg/DOBDO[0]
                         net (fo=6, routed)           0.907     2.707    sram_mem1/data_mem_to_dec[32]
    SLICE_X7Y158         LUT6 (Prop_lut6_I3_O)        0.043     2.750 r  sram_mem1/m0_rdata_OBUF[31]_inst_i_20/O
                         net (fo=2, routed)           0.541     3.291    sram_mem1/m0_rdata_OBUF[31]_inst_i_20_n_0
    SLICE_X5Y158         LUT5 (Prop_lut5_I0_O)        0.054     3.345 r  sram_mem1/m0_rdata_OBUF[31]_inst_i_9/O
                         net (fo=21, routed)          0.705     4.049    sram_mem1/m0_rdata_OBUF[31]_inst_i_9_n_0
    SLICE_X6Y157         LUT4 (Prop_lut4_I0_O)        0.137     4.186 r  sram_mem1/m0_rdata_OBUF[31]_inst_i_39/O
                         net (fo=2, routed)           0.396     4.583    sram_mem1/m0_rdata_OBUF[31]_inst_i_39_n_0
    SLICE_X7Y159         MUXF7 (Prop_muxf7_S_O)       0.147     4.730 r  sram_mem1/m0_rdata_OBUF[31]_inst_i_18/O
                         net (fo=1, routed)           0.527     5.257    sram_mem1/m0_rdata_OBUF[31]_inst_i_18_n_0
    SLICE_X6Y157         LUT6 (Prop_lut6_I4_O)        0.124     5.381 r  sram_mem1/m0_rdata_OBUF[31]_inst_i_5/O
                         net (fo=64, routed)          0.797     6.177    sram_mem1/m0_rdata_OBUF[31]_inst_i_5_n_0
    SLICE_X1Y161         LUT6 (Prop_lut6_I5_O)        0.043     6.220 r  sram_mem1/m1_rdata_OBUF[20]_inst_i_1/O
                         net (fo=1, routed)           2.526     8.747    m1_rdata_OBUF[20]
    N26                  OBUF (Prop_obuf_I_O)         2.384    11.130 r  m1_rdata_OBUF[20]_inst/O
                         net (fo=0)                   0.000    11.130    m1_rdata[20]
    N26                                                               r  m1_rdata[20] (OUT)
  -------------------------------------------------------------------    -------------------

Slack:                    inf
  Source:                 sram_mem1/mem_reg/CLKARDCLK
                            (rising edge-triggered cell RAMB36E1)
  Destination:            m1_rdata[19]
                            (output port)
  Path Group:             (none)
  Path Type:              Max at Slow Process Corner
  Data Path Delay:        11.110ns  (logic 4.734ns (42.610%)  route 6.376ns (57.390%))
  Logic Levels:           8  (LUT4=1 LUT5=1 LUT6=3 MUXF7=1 OBUF=1 RAMB36E1=1)

    Location             Delay type                Incr(ns)  Path(ns)    Netlist Resource(s)
  -------------------------------------------------------------------    -------------------
    RAMB36_X0Y31         RAMB36E1                     0.000     0.000 r  sram_mem1/mem_reg/CLKARDCLK
    RAMB36_X0Y31         RAMB36E1 (Prop_ramb36e1_CLKARDCLK_DOBDO[0])
                                                      1.800     1.800 r  sram_mem1/mem_reg/DOBDO[0]
                         net (fo=6, routed)           0.907     2.707    sram_mem1/data_mem_to_dec[32]
    SLICE_X7Y158         LUT6 (Prop_lut6_I3_O)        0.043     2.750 r  sram_mem1/m0_rdata_OBUF[31]_inst_i_20/O
                         net (fo=2, routed)           0.541     3.291    sram_mem1/m0_rdata_OBUF[31]_inst_i_20_n_0
    SLICE_X5Y158         LUT5 (Prop_lut5_I0_O)        0.054     3.345 r  sram_mem1/m0_rdata_OBUF[31]_inst_i_9/O
                         net (fo=21, routed)          0.705     4.049    sram_mem1/m0_rdata_OBUF[31]_inst_i_9_n_0
    SLICE_X6Y157         LUT4 (Prop_lut4_I0_O)        0.137     4.186 r  sram_mem1/m0_rdata_OBUF[31]_inst_i_39/O
                         net (fo=2, routed)           0.396     4.583    sram_mem1/m0_rdata_OBUF[31]_inst_i_39_n_0
    SLICE_X7Y159         MUXF7 (Prop_muxf7_S_O)       0.147     4.730 r  sram_mem1/m0_rdata_OBUF[31]_inst_i_18/O
                         net (fo=1, routed)           0.527     5.257    sram_mem1/m0_rdata_OBUF[31]_inst_i_18_n_0
    SLICE_X6Y157         LUT6 (Prop_lut6_I4_O)        0.124     5.381 r  sram_mem1/m0_rdata_OBUF[31]_inst_i_5/O
                         net (fo=64, routed)          0.785     6.166    sram_mem1/m0_rdata_OBUF[31]_inst_i_5_n_0
    SLICE_X0Y160         LUT6 (Prop_lut6_I5_O)        0.043     6.209 r  sram_mem1/m1_rdata_OBUF[19]_inst_i_1/O
                         net (fo=1, routed)           2.515     8.724    m1_rdata_OBUF[19]
    N27                  OBUF (Prop_obuf_I_O)         2.386    11.110 r  m1_rdata_OBUF[19]_inst/O
                         net (fo=0)                   0.000    11.110    m1_rdata[19]
    N27                                                               r  m1_rdata[19] (OUT)
  -------------------------------------------------------------------    -------------------

Slack:                    inf
  Source:                 sram_mem1/mem_reg/CLKARDCLK
                            (rising edge-triggered cell RAMB36E1)
  Destination:            m1_rdata[26]
                            (output port)
  Path Group:             (none)
  Path Type:              Max at Slow Process Corner
  Data Path Delay:        11.091ns  (logic 4.750ns (42.830%)  route 6.341ns (57.170%))
  Logic Levels:           8  (LUT4=1 LUT5=1 LUT6=3 MUXF7=1 OBUF=1 RAMB36E1=1)

    Location             Delay type                Incr(ns)  Path(ns)    Netlist Resource(s)
  -------------------------------------------------------------------    -------------------
    RAMB36_X0Y31         RAMB36E1                     0.000     0.000 r  sram_mem1/mem_reg/CLKARDCLK
    RAMB36_X0Y31         RAMB36E1 (Prop_ramb36e1_CLKARDCLK_DOBDO[0])
                                                      1.800     1.800 r  sram_mem1/mem_reg/DOBDO[0]
                         net (fo=6, routed)           0.907     2.707    sram_mem1/data_mem_to_dec[32]
    SLICE_X7Y158         LUT6 (Prop_lut6_I3_O)        0.043     2.750 r  sram_mem1/m0_rdata_OBUF[31]_inst_i_20/O
                         net (fo=2, routed)           0.541     3.291    sram_mem1/m0_rdata_OBUF[31]_inst_i_20_n_0
    SLICE_X5Y158         LUT5 (Prop_lut5_I0_O)        0.054     3.345 r  sram_mem1/m0_rdata_OBUF[31]_inst_i_9/O
                         net (fo=21, routed)          0.705     4.049    sram_mem1/m0_rdata_OBUF[31]_inst_i_9_n_0
    SLICE_X6Y157         LUT4 (Prop_lut4_I0_O)        0.137     4.186 r  sram_mem1/m0_rdata_OBUF[31]_inst_i_39/O
                         net (fo=2, routed)           0.396     4.583    sram_mem1/m0_rdata_OBUF[31]_inst_i_39_n_0
    SLICE_X7Y159         MUXF7 (Prop_muxf7_S_O)       0.147     4.730 r  sram_mem1/m0_rdata_OBUF[31]_inst_i_18/O
                         net (fo=1, routed)           0.527     5.257    sram_mem1/m0_rdata_OBUF[31]_inst_i_18_n_0
    SLICE_X6Y157         LUT6 (Prop_lut6_I4_O)        0.124     5.381 r  sram_mem1/m0_rdata_OBUF[31]_inst_i_5/O
                         net (fo=64, routed)          0.692     6.073    sram_mem1/m0_rdata_OBUF[31]_inst_i_5_n_0
    SLICE_X0Y159         LUT6 (Prop_lut6_I5_O)        0.043     6.116 r  sram_mem1/m1_rdata_OBUF[26]_inst_i_1/O
                         net (fo=1, routed)           2.573     8.689    m1_rdata_OBUF[26]
    U26                  OBUF (Prop_obuf_I_O)         2.402    11.091 r  m1_rdata_OBUF[26]_inst/O
                         net (fo=0)                   0.000    11.091    m1_rdata[26]
    U26                                                               r  m1_rdata[26] (OUT)
  -------------------------------------------------------------------    -------------------

Slack:                    inf
  Source:                 sram_mem1/mem_reg/CLKARDCLK
                            (rising edge-triggered cell RAMB36E1)
  Destination:            m1_rdata[23]
                            (output port)
  Path Group:             (none)
  Path Type:              Max at Slow Process Corner
  Data Path Delay:        11.064ns  (logic 4.744ns (42.875%)  route 6.320ns (57.125%))
  Logic Levels:           8  (LUT4=1 LUT5=1 LUT6=3 MUXF7=1 OBUF=1 RAMB36E1=1)

    Location             Delay type                Incr(ns)  Path(ns)    Netlist Resource(s)
  -------------------------------------------------------------------    -------------------
    RAMB36_X0Y31         RAMB36E1                     0.000     0.000 r  sram_mem1/mem_reg/CLKARDCLK
    RAMB36_X0Y31         RAMB36E1 (Prop_ramb36e1_CLKARDCLK_DOBDO[0])
                                                      1.800     1.800 r  sram_mem1/mem_reg/DOBDO[0]
                         net (fo=6, routed)           0.907     2.707    sram_mem1/data_mem_to_dec[32]
    SLICE_X7Y158         LUT6 (Prop_lut6_I3_O)        0.043     2.750 r  sram_mem1/m0_rdata_OBUF[31]_inst_i_20/O
                         net (fo=2, routed)           0.541     3.291    sram_mem1/m0_rdata_OBUF[31]_inst_i_20_n_0
    SLICE_X5Y158         LUT5 (Prop_lut5_I0_O)        0.054     3.345 r  sram_mem1/m0_rdata_OBUF[31]_inst_i_9/O
                         net (fo=21, routed)          0.705     4.049    sram_mem1/m0_rdata_OBUF[31]_inst_i_9_n_0
    SLICE_X6Y157         LUT4 (Prop_lut4_I0_O)        0.137     4.186 r  sram_mem1/m0_rdata_OBUF[31]_inst_i_39/O
                         net (fo=2, routed)           0.396     4.583    sram_mem1/m0_rdata_OBUF[31]_inst_i_39_n_0
    SLICE_X7Y159         MUXF7 (Prop_muxf7_S_O)       0.147     4.730 r  sram_mem1/m0_rdata_OBUF[31]_inst_i_18/O
                         net (fo=1, routed)           0.527     5.257    sram_mem1/m0_rdata_OBUF[31]_inst_i_18_n_0
    SLICE_X6Y157         LUT6 (Prop_lut6_I4_O)        0.124     5.381 r  sram_mem1/m0_rdata_OBUF[31]_inst_i_5/O
                         net (fo=64, routed)          0.635     6.016    sram_mem1/m0_rdata_OBUF[31]_inst_i_5_n_0
    SLICE_X0Y161         LUT6 (Prop_lut6_I5_O)        0.043     6.059 r  sram_mem1/m1_rdata_OBUF[23]_inst_i_1/O
                         net (fo=1, routed)           2.609     8.668    m1_rdata_OBUF[23]
    R26                  OBUF (Prop_obuf_I_O)         2.396    11.064 r  m1_rdata_OBUF[23]_inst/O
                         net (fo=0)                   0.000    11.064    m1_rdata[23]
    R26                                                               r  m1_rdata[23] (OUT)
  -------------------------------------------------------------------    -------------------

Slack:                    inf
  Source:                 sram_mem1/mem_reg/CLKARDCLK
                            (rising edge-triggered cell RAMB36E1)
  Destination:            m1_rdata[28]
                            (output port)
  Path Group:             (none)
  Path Type:              Max at Slow Process Corner
  Data Path Delay:        11.050ns  (logic 4.759ns (43.064%)  route 6.291ns (56.936%))
  Logic Levels:           8  (LUT4=1 LUT5=1 LUT6=3 MUXF7=1 OBUF=1 RAMB36E1=1)

    Location             Delay type                Incr(ns)  Path(ns)    Netlist Resource(s)
  -------------------------------------------------------------------    -------------------
    RAMB36_X0Y31         RAMB36E1                     0.000     0.000 r  sram_mem1/mem_reg/CLKARDCLK
    RAMB36_X0Y31         RAMB36E1 (Prop_ramb36e1_CLKARDCLK_DOBDO[0])
                                                      1.800     1.800 r  sram_mem1/mem_reg/DOBDO[0]
                         net (fo=6, routed)           0.907     2.707    sram_mem1/data_mem_to_dec[32]
    SLICE_X7Y158         LUT6 (Prop_lut6_I3_O)        0.043     2.750 r  sram_mem1/m0_rdata_OBUF[31]_inst_i_20/O
                         net (fo=2, routed)           0.541     3.291    sram_mem1/m0_rdata_OBUF[31]_inst_i_20_n_0
    SLICE_X5Y158         LUT5 (Prop_lut5_I0_O)        0.054     3.345 r  sram_mem1/m0_rdata_OBUF[31]_inst_i_9/O
                         net (fo=21, routed)          0.705     4.049    sram_mem1/m0_rdata_OBUF[31]_inst_i_9_n_0
    SLICE_X6Y157         LUT4 (Prop_lut4_I0_O)        0.137     4.186 r  sram_mem1/m0_rdata_OBUF[31]_inst_i_39/O
                         net (fo=2, routed)           0.396     4.583    sram_mem1/m0_rdata_OBUF[31]_inst_i_39_n_0
    SLICE_X7Y159         MUXF7 (Prop_muxf7_S_O)       0.147     4.730 r  sram_mem1/m0_rdata_OBUF[31]_inst_i_18/O
                         net (fo=1, routed)           0.527     5.257    sram_mem1/m0_rdata_OBUF[31]_inst_i_18_n_0
    SLICE_X6Y157         LUT6 (Prop_lut6_I4_O)        0.124     5.381 r  sram_mem1/m0_rdata_OBUF[31]_inst_i_5/O
                         net (fo=64, routed)          0.456     5.837    sram_mem1/m0_rdata_OBUF[31]_inst_i_5_n_0
    SLICE_X2Y158         LUT6 (Prop_lut6_I5_O)        0.043     5.880 r  sram_mem1/m1_rdata_OBUF[28]_inst_i_1/O
                         net (fo=1, routed)           2.759     8.639    m1_rdata_OBUF[28]
    U25                  OBUF (Prop_obuf_I_O)         2.411    11.050 r  m1_rdata_OBUF[28]_inst/O
                         net (fo=0)                   0.000    11.050    m1_rdata[28]
    U25                                                               r  m1_rdata[28] (OUT)
  -------------------------------------------------------------------    -------------------





Min Delay Paths
--------------------------------------------------------------------------------------
Slack:                    inf
  Source:                 arbiter1/priority_reg/C
                            (rising edge-triggered cell FDRE)
  Destination:            arbiter1/priority_reg/D
  Path Group:             (none)
  Path Type:              Min at Fast Process Corner
  Data Path Delay:        0.317ns  (logic 0.146ns (46.121%)  route 0.171ns (53.879%))
  Logic Levels:           2  (FDRE=1 LUT3=1)

    Location             Delay type                Incr(ns)  Path(ns)    Netlist Resource(s)
  -------------------------------------------------------------------    -------------------
    SLICE_X0Y120         FDRE                         0.000     0.000 r  arbiter1/priority_reg/C
    SLICE_X0Y120         FDRE (Prop_fdre_C_Q)         0.118     0.118 r  arbiter1/priority_reg/Q
                         net (fo=45, routed)          0.171     0.289    arbiter1/priority
    SLICE_X0Y120         LUT3 (Prop_lut3_I2_O)        0.028     0.317 r  arbiter1/priority_i_1/O
                         net (fo=1, routed)           0.000     0.317    arbiter1/priority_i_1_n_0
    SLICE_X0Y120         FDRE                                         r  arbiter1/priority_reg/D
  -------------------------------------------------------------------    -------------------

Slack:                    inf
  Source:                 m1_we
                            (input port)
  Destination:            fwd_we_reg/D
  Path Group:             (none)
  Path Type:              Min at Fast Process Corner
  Data Path Delay:        0.562ns  (logic 0.188ns (33.502%)  route 0.373ns (66.498%))
  Logic Levels:           2  (IBUF=1 LUT6=1)

    Location             Delay type                Incr(ns)  Path(ns)    Netlist Resource(s)
  -------------------------------------------------------------------    -------------------
    AJ25                                              0.000     0.000 r  m1_we (IN)
                         net (fo=0)                   0.000     0.000    m1_we
    AJ25                 IBUF (Prop_ibuf_I_O)         0.160     0.160 r  m1_we_IBUF_inst/O
                         net (fo=3, routed)           0.373     0.534    arbiter1/m1_we_IBUF
    SLICE_X0Y144         LUT6 (Prop_lut6_I5_O)        0.028     0.562 r  arbiter1/mem_reg_i_2/O
                         net (fo=2, routed)           0.000     0.562    we_master_to_mem
    SLICE_X0Y144         FDRE                                         r  fwd_we_reg/D
  -------------------------------------------------------------------    -------------------

Slack:                    inf
  Source:                 m0_addr[5]
                            (input port)
  Destination:            fwd_waddr_reg[5]/D
  Path Group:             (none)
  Path Type:              Min at Fast Process Corner
  Data Path Delay:        0.608ns  (logic 0.188ns (30.982%)  route 0.420ns (69.018%))
  Logic Levels:           2  (IBUF=1 LUT6=1)

    Location             Delay type                Incr(ns)  Path(ns)    Netlist Resource(s)
  -------------------------------------------------------------------    -------------------
    AJ23                                              0.000     0.000 r  m0_addr[5] (IN)
                         net (fo=0)                   0.000     0.000    m0_addr[5]
    AJ23                 IBUF (Prop_ibuf_I_O)         0.160     0.160 r  m0_addr_IBUF[5]_inst/O
                         net (fo=2, routed)           0.312     0.472    arbiter1/m0_addr_IBUF[5]
    SLICE_X1Y142         LUT6 (Prop_lut6_I0_O)        0.028     0.500 r  arbiter1/mem_reg_i_6/O
                         net (fo=3, routed)           0.108     0.608    addr_master_to_mem[5]
    SLICE_X0Y142         FDRE                                         r  fwd_waddr_reg[5]/D
  -------------------------------------------------------------------    -------------------

Slack:                    inf
  Source:                 m0_addr[6]
                            (input port)
  Destination:            fwd_waddr_reg[6]/D
  Path Group:             (none)
  Path Type:              Min at Fast Process Corner
  Data Path Delay:        0.623ns  (logic 0.199ns (31.895%)  route 0.424ns (68.105%))
  Logic Levels:           2  (IBUF=1 LUT6=1)

    Location             Delay type                Incr(ns)  Path(ns)    Netlist Resource(s)
  -------------------------------------------------------------------    -------------------
    AK21                                              0.000     0.000 r  m0_addr[6] (IN)
                         net (fo=0)                   0.000     0.000    m0_addr[6]
    AK21                 IBUF (Prop_ibuf_I_O)         0.171     0.171 r  m0_addr_IBUF[6]_inst/O
                         net (fo=2, routed)           0.364     0.534    arbiter1/m0_addr_IBUF[6]
    SLICE_X1Y143         LUT6 (Prop_lut6_I0_O)        0.028     0.562 r  arbiter1/mem_reg_i_5/O
                         net (fo=3, routed)           0.060     0.623    addr_master_to_mem[6]
    SLICE_X0Y143         FDRE                                         r  fwd_waddr_reg[6]/D
  -------------------------------------------------------------------    -------------------

Slack:                    inf
  Source:                 m0_addr[0]
                            (input port)
  Destination:            fwd_waddr_reg[0]/D
  Path Group:             (none)
  Path Type:              Min at Fast Process Corner
  Data Path Delay:        0.639ns  (logic 0.185ns (29.004%)  route 0.454ns (70.996%))
  Logic Levels:           2  (IBUF=1 LUT6=1)

    Location             Delay type                Incr(ns)  Path(ns)    Netlist Resource(s)
  -------------------------------------------------------------------    -------------------
    AH22                                              0.000     0.000 r  m0_addr[0] (IN)
                         net (fo=0)                   0.000     0.000    m0_addr[0]
    AH22                 IBUF (Prop_ibuf_I_O)         0.157     0.157 r  m0_addr_IBUF[0]_inst/O
                         net (fo=2, routed)           0.454     0.611    arbiter1/m0_addr_IBUF[0]
    SLICE_X0Y140         LUT6 (Prop_lut6_I0_O)        0.028     0.639 r  arbiter1/mem_reg_i_11/O
                         net (fo=3, routed)           0.000     0.639    addr_master_to_mem[0]
    SLICE_X0Y140         FDRE                                         r  fwd_waddr_reg[0]/D
  -------------------------------------------------------------------    -------------------

Slack:                    inf
  Source:                 m0_addr[1]
                            (input port)
  Destination:            fwd_waddr_reg[1]/D
  Path Group:             (none)
  Path Type:              Min at Fast Process Corner
  Data Path Delay:        0.661ns  (logic 0.187ns (28.330%)  route 0.473ns (71.670%))
  Logic Levels:           2  (IBUF=1 LUT6=1)

    Location             Delay type                Incr(ns)  Path(ns)    Netlist Resource(s)
  -------------------------------------------------------------------    -------------------
    AG22                                              0.000     0.000 r  m0_addr[1] (IN)
                         net (fo=0)                   0.000     0.000    m0_addr[1]
    AG22                 IBUF (Prop_ibuf_I_O)         0.159     0.159 r  m0_addr_IBUF[1]_inst/O
                         net (fo=2, routed)           0.361     0.520    arbiter1/m0_addr_IBUF[1]
    SLICE_X1Y140         LUT6 (Prop_lut6_I0_O)        0.028     0.548 r  arbiter1/mem_reg_i_10/O
                         net (fo=3, routed)           0.113     0.661    addr_master_to_mem[1]
    SLICE_X0Y140         FDRE                                         r  fwd_waddr_reg[1]/D
  -------------------------------------------------------------------    -------------------

Slack:                    inf
  Source:                 arbiter1/priority_reg/C
                            (rising edge-triggered cell FDRE)
  Destination:            m0_grant_reg/D
  Path Group:             (none)
  Path Type:              Min at Fast Process Corner
  Data Path Delay:        0.695ns  (logic 0.146ns (21.009%)  route 0.549ns (78.991%))
  Logic Levels:           2  (FDRE=1 LUT3=1)

    Location             Delay type                Incr(ns)  Path(ns)    Netlist Resource(s)
  -------------------------------------------------------------------    -------------------
    SLICE_X0Y120         FDRE                         0.000     0.000 r  arbiter1/priority_reg/C
    SLICE_X0Y120         FDRE (Prop_fdre_C_Q)         0.118     0.118 f  arbiter1/priority_reg/Q
                         net (fo=45, routed)          0.549     0.667    arbiter1/priority
    SLICE_X0Y107         LUT3 (Prop_lut3_I1_O)        0.028     0.695 r  arbiter1/m0_grant_i_1/O
                         net (fo=1, routed)           0.000     0.695    arbiter1_n_41
    SLICE_X0Y107         FDRE                                         r  m0_grant_reg/D
  -------------------------------------------------------------------    -------------------

Slack:                    inf
  Source:                 arbiter1/priority_reg/C
                            (rising edge-triggered cell FDRE)
  Destination:            m1_grant_reg/D
  Path Group:             (none)
  Path Type:              Min at Fast Process Corner
  Data Path Delay:        0.696ns  (logic 0.147ns (21.122%)  route 0.549ns (78.878%))
  Logic Levels:           2  (FDRE=1 LUT3=1)

    Location             Delay type                Incr(ns)  Path(ns)    Netlist Resource(s)
  -------------------------------------------------------------------    -------------------
    SLICE_X0Y120         FDRE                         0.000     0.000 r  arbiter1/priority_reg/C
    SLICE_X0Y120         FDRE (Prop_fdre_C_Q)         0.118     0.118 r  arbiter1/priority_reg/Q
                         net (fo=45, routed)          0.549     0.667    arbiter1/priority
    SLICE_X0Y107         LUT3 (Prop_lut3_I1_O)        0.029     0.696 r  arbiter1/m1_grant_i_1/O
                         net (fo=1, routed)           0.000     0.696    arbiter1_n_42
    SLICE_X0Y107         FDRE                                         r  m1_grant_reg/D
  -------------------------------------------------------------------    -------------------

Slack:                    inf
  Source:                 m1_req
                            (input port)
  Destination:            fwd_waddr_reg[3]/D
  Path Group:             (none)
  Path Type:              Min at Fast Process Corner
  Data Path Delay:        0.716ns  (logic 0.188ns (26.250%)  route 0.528ns (73.750%))
  Logic Levels:           2  (IBUF=1 LUT6=1)

    Location             Delay type                Incr(ns)  Path(ns)    Netlist Resource(s)
  -------------------------------------------------------------------    -------------------
    AK25                                              0.000     0.000 r  m1_req (IN)
                         net (fo=0)                   0.000     0.000    m1_req
    AK25                 IBUF (Prop_ibuf_I_O)         0.160     0.160 r  m1_req_IBUF_inst/O
                         net (fo=46, routed)          0.415     0.575    arbiter1/m1_req_IBUF
    SLICE_X0Y142         LUT6 (Prop_lut6_I2_O)        0.028     0.603 r  arbiter1/mem_reg_i_8/O
                         net (fo=3, routed)           0.113     0.716    addr_master_to_mem[3]
    SLICE_X0Y142         FDRE                                         r  fwd_waddr_reg[3]/D
  -------------------------------------------------------------------    -------------------

Slack:                    inf
  Source:                 rstn_top
                            (input port)
  Destination:            sram_mem1/mem_reg/WEBWE[2]
  Path Group:             (none)
  Path Type:              Min at Fast Process Corner
  Data Path Delay:        0.725ns  (logic 0.078ns (10.772%)  route 0.647ns (89.228%))
  Logic Levels:           1  (IBUF=1)

    Location             Delay type                Incr(ns)  Path(ns)    Netlist Resource(s)
  -------------------------------------------------------------------    -------------------
    W23                                               0.000     0.000 r  rstn_top (IN)
                         net (fo=0)                   0.000     0.000    rstn_top
    W23                  IBUF (Prop_ibuf_I_O)         0.078     0.078 r  rstn_top_IBUF_inst/O
                         net (fo=53, routed)          0.647     0.725    sram_mem1/rstn_top_IBUF
    RAMB36_X0Y31         RAMB36E1                                     r  sram_mem1/mem_reg/WEBWE[2]
  -------------------------------------------------------------------    -------------------





